<?xml version="1.0" encoding="UTF-8"?>
<beans xmlns="http://www.springframework.org/schema/beans"
	xmlns:xsi="http://www.w3.org/2001/XMLSchema-instance"
	xsi:schemaLocation="http://www.springframework.org/schema/beans http://www.springframework.org/schema/beans/spring-beans.xsd">

	<bean id="dataSource" class="org.springframework.jdbc.datasource.SimpleDriverDataSource" >
		<property name="driverClass" value="com.mysql.jdbc.Driver" />
		<property name="url" value="jdbc:mysql://localhost/testspringbook" />
		<property name="username" value="spring" />
		<property name="password" value="book" />
	</bean>

	<bean id="userDao" class="springbook.user.dao.UserDaoJdbc" >
		<property name="dataSource" ref="dataSource" />
	</bean>
	
	<!-- For Test -->
	<bean id="userService01" class="springbook.user.service01_강제예외발생.UserService">
		<property name="userDao" ref="userDao" />
	</bean>
	<bean id="userService02" class="springbook.user.service02_트랜잭션동기화방식.UserService">
		<property name="userDao" ref="userDao" />
		<property name="dataSource" ref="dataSource" />
	</bean>
	<bean id="userService03" class="springbook.user.service03_스프링의트랜잭션추상화적용.UserService">
		<property name="userDao" ref="userDao" />
		<property name="dataSource" ref="dataSource" />
	</bean>
	<bean id="userService04" class="springbook.user.service04_트랜잭션매니저를빈으로분리.UserService">
		<property name="userDao" ref="userDao" />
		<property name="transactionManager" ref="transactionManager" />
	</bean>
	<!-- Test end -->
	
	<bean id="transactionManager"
		class="org.springframework.jdbc.datasource.DataSourceTransactionManager">
		<property name="dataSource" ref="dataSource" />
	</bean>

</beans>
