<?xml version="1.0" encoding="UTF-8"?>
<beans xmlns="http://www.springframework.org/schema/beans"
	xmlns:xsi="http://www.w3.org/2001/XMLSchema-instance"
	xsi:schemaLocation="http://www.springframework.org/schema/beans http://www.springframework.org/schema/beans/spring-beans.xsd">

	<bean id="dataSource" class="org.springframework.jdbc.datasource.SimpleDriverDataSource" >
		<property name="driverClass" value="com.mysql.jdbc.Driver" />
		<property name="url" value="jdbc:mysql://localhost/testspringbook" />
		<property name="username" value="spring" />
		<property name="password" value="book" />
	</bean>

	<bean id="userDao" class="springbook.user.dao.UserDaoJdbc" >
		<property name="dataSource" ref="dataSource" />
	</bean>
	
	<bean id="userService" class="springbook.user.service.UserService">
		<property name="userDao" ref="userDao" />
		<property name="transactionManager" ref="transactionManager" />
		<property name="mailSender" ref="mailSender2" />
	</bean>
	
	<bean id="userService1" class="springbook.user.service01_메일발송.UserService">
		<property name="userDao" ref="userDao" />
		<property name="transactionManager" ref="transactionManager" />
	</bean>
	<bean id="userService2" class="springbook.user.service02_메일발송기능추상화.UserService">
		<property name="userDao" ref="userDao" />
		<property name="transactionManager" ref="transactionManager" />
	</bean>
	<bean id="userService3" class="springbook.user.service03_메일발송기능추상화DI.UserService">
		<property name="userDao" ref="userDao" />
		<property name="transactionManager" ref="transactionManager" />
		<property name="mailSender" ref="mailSender1" />
	</bean>
	<bean id="userService4" class="springbook.user.service04_테스트용메일발송오브젝트.UserService">
		<property name="userDao" ref="userDao" />
		<property name="transactionManager" ref="transactionManager" />
		<property name="mailSender" ref="mailSender" />
	</bean>
	<bean id="userService5" class="springbook.user.service05_목오브젝트이용테스트.UserService">
		<property name="userDao" ref="userDao" />
		<property name="transactionManager" ref="transactionManager" />
		<property name="mailSender" ref="mailSender5" />
	</bean>
	
	<bean id="transactionManager"
		class="org.springframework.jdbc.datasource.DataSourceTransactionManager">
		<property name="dataSource" ref="dataSource" />
	</bean>
	
	<bean id="mailSender1" class="org.springframework.mail.javamail.JavaMailSenderImpl">
		<property name="host" value="mail.server.com" />
	</bean>
	
	<bean id="mailSender2" class="springbook.user.service.DummyMailSender" />
	<bean id="mailSender" class="springbook.user.service04_테스트용메일발송오브젝트.DummyMailSender" />
	<bean id="mailSender5" class="springbook.user.service05_목오브젝트이용테스트.MockMailSender" />

</beans>
